<?xml version="1.0" encoding="UTF-8"?>
<testng-results skipped="0" failed="0" ignored="0" total="1" passed="1">
  <reporter-output>
  </reporter-output>
  <suite name="com.orangehrm.login.LoginTest" duration-ms="21205" started-at="2022-08-09T06:40:47Z" finished-at="2022-08-09T06:41:08Z">
    <groups>
    </groups>
    <test name="Command line test" duration-ms="21205" started-at="2022-08-09T06:40:47Z" finished-at="2022-08-09T06:41:08Z">
      <class name="com.orangehrm.login.LoginTest">
        <test-method status="PASS" signature="setup()[pri:0, instance:com.orangehrm.login.LoginTest@3cbbc1e0]" name="setup" is-config="true" duration-ms="19280" started-at="2022-08-09T06:40:47Z" finished-at="2022-08-09T06:41:06Z">
          <reporter-output>
          </reporter-output>
        </test-method> <!-- setup -->
        <test-method status="PASS" signature="verifyUrl()[pri:0, instance:com.orangehrm.login.LoginTest@3cbbc1e0]" name="verifyUrl" duration-ms="32" started-at="2022-08-09T06:41:06Z" finished-at="2022-08-09T06:41:06Z">
          <reporter-output>
          </reporter-output>
        </test-method> <!-- verifyUrl -->
        <test-method status="PASS" signature="tearDown()[pri:0, instance:com.orangehrm.login.LoginTest@3cbbc1e0]" name="tearDown" is-config="true" duration-ms="1806" started-at="2022-08-09T06:41:06Z" finished-at="2022-08-09T06:41:08Z">
          <reporter-output>
          </reporter-output>
        </test-method> <!-- tearDown -->
      </class> <!-- com.orangehrm.login.LoginTest -->
    </test> <!-- Command line test -->
  </suite> <!-- com.orangehrm.login.LoginTest -->
</testng-results>
